[GIN-debug] [WARNING] Creating an Engine instance with the Logger and Recovery middleware already attached.

[GIN-debug] [WARNING] Running in "debug" mode. Switch to "release" mode in production.
 - using env:	export GIN_MODE=release
 - using code:	gin.SetMode(gin.ReleaseMode)

[GIN-debug] Loaded HTML Templates (9): 
	- header
	- index.html
	- signup.html
	- 
	- 500error.html
	- _footer.html
	- footer
	- _header.html
	- login.html

[GIN-debug] GET    /css/*filepath            --> github.com/gin-gonic/gin.(*RouterGroup).createStaticHandler.func1 (3 handlers)
[GIN-debug] HEAD   /css/*filepath            --> github.com/gin-gonic/gin.(*RouterGroup).createStaticHandler.func1 (3 handlers)
[GIN-debug] GET    /js/*filepath             --> github.com/gin-gonic/gin.(*RouterGroup).createStaticHandler.func1 (3 handlers)
[GIN-debug] HEAD   /js/*filepath             --> github.com/gin-gonic/gin.(*RouterGroup).createStaticHandler.func1 (3 handlers)
[GIN-debug] GET    /signup                   --> goat/internal/controller.(*userController).signupPage-fm (3 handlers)
[GIN-debug] GET    /login                    --> goat/internal/controller.(*userController).loginPage-fm (3 handlers)
[GIN-debug] GET    /logout                   --> goat/internal/controller.(*userController).logout-fm (3 handlers)
[GIN-debug] POST   /signup                   --> goat/internal/controller.(*userController).signup-fm (3 handlers)
[GIN-debug] POST   /login                    --> goat/internal/controller.(*userController).login-fm (3 handlers)
[GIN-debug] GET    /                         --> goat/internal/controller.(*rootController).indexPage-fm (4 handlers)
[GIN-debug] POST   /api/signup               --> goat/internal/controller.(*userApiController).signup-fm (3 handlers)
[GIN-debug] POST   /api/login                --> goat/internal/controller.(*userApiController).login-fm (3 handlers)
[GIN-debug] GET    /api/logout               --> goat/internal/controller.(*userApiController).logout-fm (3 handlers)
[GIN-debug] GET    /api/profile              --> goat/internal/controller.(*userApiController).getProfile-fm (4 handlers)
[GIN-debug] PUT    /api/username             --> goat/internal/controller.(*userApiController).changeUsername-fm (4 handlers)
[GIN-debug] POST   /api/username             --> goat/internal/controller.(*userApiController).changeUsername-fm (4 handlers)
[GIN-debug] PUT    /api/password             --> goat/internal/controller.(*userApiController).changePassword-fm (4 handlers)
[GIN-debug] POST   /api/password             --> goat/internal/controller.(*userApiController).changePassword-fm (4 handlers)
[GIN-debug] DELETE /api/account              --> goat/internal/controller.(*userApiController).deleteUser-fm (4 handlers)
[GIN-debug] [WARNING] You trusted all proxies, this is NOT safe. We recommend you to set a value.
Please check https://pkg.go.dev/github.com/gin-gonic/gin#readme-don-t-trust-all-proxies for details.
[GIN-debug] Listening and serving HTTP on :
